<?xml version="1.0" encoding="UTF-8"?>
<!-- Generated by org.testng.reporters.JUnitReportReporter -->
<testsuite hostname="mypc-PC" failures="0" tests="1" name="skillraryRelese1.testscript1" time="19.314" errors="0" timestamp="2023-05-14T09:22:35 IST" skipped="0">
  <testcase classname="skillraryRelese1.testscript1" name="test1" time="19.314"/>
  <system-out/>
</testsuite> <!-- skillraryRelese1.testscript1 -->
